<?xml version="1.0" encoding="UTF-8"?>
<testsuite xmlns:xsi="http://www.w3.org/2001/XMLSchema-instance" xsi:noNamespaceSchemaLocation="https://maven.apache.org/surefire/maven-surefire-plugin/xsd/surefire-test-report-3.0.xsd" version="3.0" name="com.labdessoft.ToDoList.ToDoListApplicationTests" time="1.325" tests="1" errors="1" skipped="0" failures="0">
  <properties>
[...]
</properties>
  <testcase name="" classname="com.labdessoft.ToDoList.ToDoListApplicationTests" time="1.325">
    <error message="&apos;org.junit.jupiter.api.extension.ExecutableInvoker org.junit.jupiter.api.extension.ExtensionContext.getExecutableInvoker()&apos;" type="java.lang.NoSuchMethodError"><![CDATA[java.lang.NoSuchMethodError: 'org.junit.jupiter.api.extension.ExecutableInvoker org.junit.jupiter.api.extension.ExtensionContext.getExecutableInvoker()'
	at org.springframework.test.context.junit.jupiter.SpringExtension.registerMethodInvoker(SpringExtension.java:381)
	at org.springframework.test.context.junit.jupiter.SpringExtension.beforeAll(SpringExtension.java:132)
	at java.base/java.util.ArrayList.forEach(ArrayList.java:1511)
	Suppressed: java.lang.NoSuchMethodError: 'org.junit.jupiter.api.extension.ExecutableInvoker org.junit.jupiter.api.extension.ExtensionContext.getExecutableInvoker()'
		at org.springframework.test.context.junit.jupiter.SpringExtension.registerMethodInvoker(SpringExtension.java:381)
		at org.springframework.test.context.junit.jupiter.SpringExtension.afterAll(SpringExtension.java:143)
		at java.base/java.util.ArrayList.forEach(ArrayList.java:1511)
		... 1 more
]]></error>
    <system-out><![CDATA[15:18:03.354 [main] INFO org.springframework.test.context.support.AnnotationConfigContextLoaderUtils -- Could not detect default configuration classes for test class [com.labdessoft.ToDoList.ToDoListApplicationTests]: ToDoListApplicationTests does not declare any static, non-private, non-final, nested classes annotated with @Configuration.
15:18:03.711 [main] INFO org.springframework.boot.test.context.SpringBootTestContextBootstrapper -- Found @SpringBootConfiguration com.labdessoft.ToDoList.ToDoListApplication for test class com.labdessoft.ToDoList.ToDoListApplicationTests
]]></system-out>
  </testcase>
</testsuite>